\BOOKMARK [0][-]{chapter.1}{\376\377\0002\0000\0002\0004\000.\0000\0005\000.\0001\0008\116\012\155\167\127\072}{}% 1
\BOOKMARK [1][-]{section.1.1}{\376\377\000P\000a\000r\000t\0001}{chapter.1}% 2
\BOOKMARK [1][-]{section.1.2}{\376\377\000P\000a\000r\000t\0002}{chapter.1}% 3
\BOOKMARK [1][-]{section.1.3}{\376\377\000P\000a\000r\000t\0003}{chapter.1}% 4
\BOOKMARK [1][-]{section.1.4}{\376\377\000P\000a\000r\000t\0004}{chapter.1}% 5
\BOOKMARK [1][-]{section.1.5}{\376\377\000P\000a\000r\000t\0005}{chapter.1}% 6
\BOOKMARK [0][-]{chapter.2}{\376\377\0002\0000\0002\0004\000.\0000\0005\000.\0001\0009\116\012\155\167\127\072}{}% 7
\BOOKMARK [1][-]{section.2.1}{\376\377\000P\000a\000r\000t\0001}{chapter.2}% 8
\BOOKMARK [1][-]{section.2.2}{\376\377\000P\000a\000r\000t\0002}{chapter.2}% 9
\BOOKMARK [1][-]{section.2.3}{\376\377\000P\000a\000r\000t\0003}{chapter.2}% 10
\BOOKMARK [1][-]{section.2.4}{\376\377\000P\000a\000r\000t\0004}{chapter.2}% 11
\BOOKMARK [1][-]{section.2.5}{\376\377\000P\000a\000r\000t\0005}{chapter.2}% 12
\BOOKMARK [0][-]{chapter.3}{\376\377\0002\0000\0002\0004\000.\0000\0006\000.\0000\0001\155\361\127\063\127\072}{}% 13
\BOOKMARK [1][-]{section.3.1}{\376\377\000P\000a\000r\000t\0001}{chapter.3}% 14
\BOOKMARK [1][-]{section.3.2}{\376\377\000P\000a\000r\000t\0002}{chapter.3}% 15
\BOOKMARK [1][-]{section.3.3}{\376\377\000P\000a\000r\000t\0003}{chapter.3}% 16
\BOOKMARK [1][-]{section.3.4}{\376\377\000P\000a\000r\000t\0004}{chapter.3}% 17
\BOOKMARK [1][-]{section.3.5}{\376\377\000P\000a\000r\000t\0005}{chapter.3}% 18
\BOOKMARK [0][-]{chapter.4}{\376\377\0002\0000\0002\0004\000.\0000\0006\000.\0001\0005\142\020\220\375\127\072}{}% 19
\BOOKMARK [1][-]{section.4.1}{\376\377\000P\000a\000r\000t\0001}{chapter.4}% 20
\BOOKMARK [1][-]{section.4.2}{\376\377\000P\000a\000r\000t\0002}{chapter.4}% 21
\BOOKMARK [1][-]{section.4.3}{\376\377\000P\000a\000r\000t\0003}{chapter.4}% 22
\BOOKMARK [1][-]{section.4.4}{\376\377\000P\000a\000r\000t\0004}{chapter.4}% 23
\BOOKMARK [1][-]{section.4.5}{\376\377\000P\000a\000r\000t\0005}{chapter.4}% 24
\BOOKMARK [0][-]{chapter.5}{\376\377\0002\0000\0002\0004\000.\0000\0007\000.\0001\0003\215\065\226\063\127\072}{}% 25
\BOOKMARK [1][-]{section.5.1}{\376\377\000P\000a\000r\000t\0001}{chapter.5}% 26
\BOOKMARK [1][-]{section.5.2}{\376\377\000P\000a\000r\000t\0002}{chapter.5}% 27
\BOOKMARK [1][-]{section.5.3}{\376\377\000P\000a\000r\000t\0003}{chapter.5}% 28
\BOOKMARK [1][-]{section.5.4}{\376\377\000P\000a\000r\000t\0004}{chapter.5}% 29
\BOOKMARK [1][-]{section.5.5}{\376\377\000P\000a\000r\000t\0005}{chapter.5}% 30
\BOOKMARK [0][-]{chapter.6}{\376\377\0002\0000\0002\0004\000.\0000\0007\000.\0002\0007\153\146\154\111\127\072}{}% 31
\BOOKMARK [1][-]{section.6.1}{\376\377\000P\000a\000r\000t\0001}{chapter.6}% 32
\BOOKMARK [1][-]{section.6.2}{\376\377\000P\000a\000r\000t\0002}{chapter.6}% 33
\BOOKMARK [1][-]{section.6.3}{\376\377\000P\000a\000r\000t\0003}{chapter.6}% 34
\BOOKMARK [1][-]{section.6.4}{\376\377\000P\000a\000r\000t\0004}{chapter.6}% 35
\BOOKMARK [1][-]{section.6.5}{\376\377\000P\000a\000r\000t\0005}{chapter.6}% 36
\BOOKMARK [0][-]{chapter.7}{\376\377\0002\0000\0002\0004\000.\0000\0008\000.\0001\0000\123\127\116\254\127\072}{}% 37
\BOOKMARK [1][-]{section.7.1}{\376\377\000P\000a\000r\000t\0001}{chapter.7}% 38
\BOOKMARK [1][-]{section.7.2}{\376\377\000P\000a\000r\000t\0002}{chapter.7}% 39
\BOOKMARK [1][-]{section.7.3}{\376\377\000P\000a\000r\000t\0003}{chapter.7}% 40
\BOOKMARK [1][-]{section.7.4}{\376\377\000P\000a\000r\000t\0004}{chapter.7}% 41
\BOOKMARK [1][-]{section.7.5}{\376\377\000P\000a\000r\000t\0005}{chapter.7}% 42
\BOOKMARK [0][-]{chapter.8}{\376\377\0002\0000\0002\0004\000.\0000\0008\000.\0001\0001\123\127\116\254\127\072}{}% 43
\BOOKMARK [1][-]{section.8.1}{\376\377\000P\000a\000r\000t\0001}{chapter.8}% 44
\BOOKMARK [1][-]{section.8.2}{\376\377\000P\000a\000r\000t\0002}{chapter.8}% 45
\BOOKMARK [1][-]{section.8.3}{\376\377\000P\000a\000r\000t\0003}{chapter.8}% 46
\BOOKMARK [1][-]{section.8.4}{\376\377\000P\000a\000r\000t\0004}{chapter.8}% 47
\BOOKMARK [1][-]{section.8.5}{\376\377\000P\000a\000r\000t\0005}{chapter.8}% 48
\BOOKMARK [0][-]{chapter.9}{\376\377\0002\0000\0002\0004\000.\0000\0008\000.\0002\0003\147\155\135\336\127\072}{}% 49
\BOOKMARK [1][-]{section.9.1}{\376\377\000P\000a\000r\000t\0001}{chapter.9}% 50
\BOOKMARK [1][-]{section.9.2}{\376\377\000P\000a\000r\000t\0002}{chapter.9}% 51
\BOOKMARK [1][-]{section.9.3}{\376\377\000P\000a\000r\000t\0003}{chapter.9}% 52
\BOOKMARK [1][-]{section.9.4}{\376\377\000P\000a\000r\000t\0004}{chapter.9}% 53
\BOOKMARK [1][-]{section.9.5}{\376\377\000P\000a\000r\000t\0005}{chapter.9}% 54
\BOOKMARK [0][-]{chapter.10}{\376\377\0002\0000\0002\0004\000.\0000\0008\000.\0002\0004\147\155\135\336\127\072}{}% 55
\BOOKMARK [1][-]{section.10.1}{\376\377\000P\000a\000r\000t\0001}{chapter.10}% 56
\BOOKMARK [1][-]{section.10.2}{\376\377\000P\000a\000r\000t\0002}{chapter.10}% 57
\BOOKMARK [1][-]{section.10.3}{\376\377\000P\000a\000r\000t\0003}{chapter.10}% 58
\BOOKMARK [1][-]{section.10.4}{\376\377\000P\000a\000r\000t\0004}{chapter.10}% 59
\BOOKMARK [1][-]{section.10.5}{\376\377\000P\000a\000r\000t\0005}{chapter.10}% 60
\BOOKMARK [0][-]{chapter.11}{\376\377\0002\0000\0002\0004\000.\0000\0009\000.\0000\0007\154\210\226\063\127\072}{}% 61
\BOOKMARK [1][-]{section.11.1}{\376\377\000P\000a\000r\000t\0001}{chapter.11}% 62
\BOOKMARK [1][-]{section.11.2}{\376\377\000P\000a\000r\000t\0002}{chapter.11}% 63
\BOOKMARK [1][-]{section.11.3}{\376\377\000P\000a\000r\000t\0003}{chapter.11}% 64
\BOOKMARK [1][-]{section.11.4}{\376\377\000P\000a\000r\000t\0004}{chapter.11}% 65
\BOOKMARK [1][-]{section.11.5}{\376\377\000P\000a\000r\000t\0005}{chapter.11}% 66
\BOOKMARK [0][-]{chapter.12}{\376\377\0002\0000\0002\0004\000.\0000\0009\000.\0002\0001\123\027\116\254\127\072}{}% 67
\BOOKMARK [1][-]{section.12.1}{\376\377\000P\000a\000r\000t\0001}{chapter.12}% 68
\BOOKMARK [1][-]{section.12.2}{\376\377\000P\000a\000r\000t\0002}{chapter.12}% 69
\BOOKMARK [1][-]{section.12.3}{\376\377\000P\000a\000r\000t\0003}{chapter.12}% 70
\BOOKMARK [1][-]{section.12.4}{\376\377\000P\000a\000r\000t\0004}{chapter.12}% 71
\BOOKMARK [1][-]{section.12.5}{\376\377\000P\000a\000r\000t\0005}{chapter.12}% 72
\BOOKMARK [0][-]{chapter.13}{\376\377\0002\0000\0002\0004\000.\0000\0009\000.\0002\0002\123\027\116\254\127\072}{}% 73
\BOOKMARK [1][-]{section.13.1}{\376\377\000P\000a\000r\000t\0001}{chapter.13}% 74
\BOOKMARK [1][-]{section.13.2}{\376\377\000P\000a\000r\000t\0002}{chapter.13}% 75
\BOOKMARK [1][-]{section.13.3}{\376\377\000P\000a\000r\000t\0003}{chapter.13}% 76
\BOOKMARK [1][-]{section.13.4}{\376\377\000P\000a\000r\000t\0004}{chapter.13}% 77
\BOOKMARK [1][-]{section.13.5}{\376\377\000P\000a\000r\000t\0005}{chapter.13}% 78
\BOOKMARK [0][-]{chapter.14}{\376\377\0002\0000\0002\0004\000.\0001\0000\000.\0000\0006\221\315\136\206\127\072}{}% 79
\BOOKMARK [1][-]{section.14.1}{\376\377\000P\000a\000r\000t\0001}{chapter.14}% 80
\BOOKMARK [1][-]{section.14.2}{\376\377\000P\000a\000r\000t\0002}{chapter.14}% 81
\BOOKMARK [1][-]{section.14.3}{\376\377\000P\000a\000r\000t\0003}{chapter.14}% 82
\BOOKMARK [1][-]{section.14.4}{\376\377\000P\000a\000r\000t\0004}{chapter.14}% 83
\BOOKMARK [1][-]{section.14.5}{\376\377\000P\000a\000r\000t\0005}{chapter.14}% 84
\BOOKMARK [0][-]{chapter.15}{\376\377\0002\0000\0002\0004\000.\0001\0000\000.\0000\0007\221\315\136\206\127\072}{}% 85
\BOOKMARK [1][-]{section.15.1}{\376\377\000P\000a\000r\000t\0001}{chapter.15}% 86
\BOOKMARK [1][-]{section.15.2}{\376\377\000P\000a\000r\000t\0002}{chapter.15}% 87
\BOOKMARK [1][-]{section.15.3}{\376\377\000P\000a\000r\000t\0003}{chapter.15}% 88
\BOOKMARK [1][-]{section.15.4}{\376\377\000P\000a\000r\000t\0004}{chapter.15}% 89
\BOOKMARK [1][-]{section.15.5}{\376\377\000P\000a\000r\000t\0005}{chapter.15}% 90
\BOOKMARK [0][-]{chapter.16}{\376\377\0002\0000\0002\0004\000.\0001\0001\000.\0000\0009\202\317\135\336\127\072}{}% 91
\BOOKMARK [1][-]{section.16.1}{\376\377\000P\000a\000r\000t\0001}{chapter.16}% 92
\BOOKMARK [1][-]{section.16.2}{\376\377\000P\000a\000r\000t\0002}{chapter.16}% 93
\BOOKMARK [1][-]{section.16.3}{\376\377\000P\000a\000r\000t\0003}{chapter.16}% 94
\BOOKMARK [1][-]{section.16.4}{\376\377\000P\000a\000r\000t\0004}{chapter.16}% 95
\BOOKMARK [1][-]{section.16.5}{\376\377\000P\000a\000r\000t\0005}{chapter.16}% 96
\BOOKMARK [0][-]{chapter.17}{\376\377\0002\0000\0002\0004\000.\0001\0001\000.\0001\0000\202\317\135\336\127\072}{}% 97
\BOOKMARK [1][-]{section.17.1}{\376\377\000P\000a\000r\000t\0001}{chapter.17}% 98
\BOOKMARK [1][-]{section.17.2}{\376\377\000P\000a\000r\000t\0002}{chapter.17}% 99
\BOOKMARK [1][-]{section.17.3}{\376\377\000P\000a\000r\000t\0003}{chapter.17}% 100
\BOOKMARK [1][-]{section.17.4}{\376\377\000P\000a\000r\000t\0004}{chapter.17}% 101
\BOOKMARK [1][-]{section.17.5}{\376\377\000P\000a\000r\000t\0005}{chapter.17}% 102
\BOOKMARK [0][-]{chapter.18}{\376\377\0002\0000\0002\0004\000.\0001\0001\000.\0002\0003\123\127\146\014\127\072}{}% 103
\BOOKMARK [1][-]{section.18.1}{\376\377\000P\000a\000r\000t\0001}{chapter.18}% 104
\BOOKMARK [1][-]{section.18.2}{\376\377\000P\000a\000r\000t\0002}{chapter.18}% 105
\BOOKMARK [1][-]{section.18.3}{\376\377\000P\000a\000r\000t\0003}{chapter.18}% 106
\BOOKMARK [1][-]{section.18.4}{\376\377\000P\000a\000r\000t\0004}{chapter.18}% 107
\BOOKMARK [1][-]{section.18.5}{\376\377\000P\000a\000r\000t\0005}{chapter.18}% 108
\BOOKMARK [0][-]{chapter.19}{\376\377\0002\0000\0002\0004\000.\0001\0002\000.\0000\0006\123\127\133\201\127\072}{}% 109
\BOOKMARK [1][-]{section.19.1}{\376\377\000P\000a\000r\000t\0001}{chapter.19}% 110
\BOOKMARK [1][-]{section.19.2}{\376\377\000P\000a\000r\000t\0002}{chapter.19}% 111
\BOOKMARK [1][-]{section.19.3}{\376\377\000P\000a\000r\000t\0003}{chapter.19}% 112
\BOOKMARK [1][-]{section.19.4}{\376\377\000P\000a\000r\000t\0004}{chapter.19}% 113
\BOOKMARK [1][-]{section.19.5}{\376\377\000P\000a\000r\000t\0005}{chapter.19}% 114
\BOOKMARK [0][-]{chapter.20}{\376\377\0002\0000\0002\0004\000.\0001\0002\000.\0000\0007\123\127\133\201\127\072}{}% 115
\BOOKMARK [1][-]{section.20.1}{\376\377\000P\000a\000r\000t\0001}{chapter.20}% 116
\BOOKMARK [1][-]{section.20.2}{\376\377\000P\000a\000r\000t\0002}{chapter.20}% 117
\BOOKMARK [1][-]{section.20.3}{\376\377\000P\000a\000r\000t\0003}{chapter.20}% 118
\BOOKMARK [1][-]{section.20.4}{\376\377\000P\000a\000r\000t\0004}{chapter.20}% 119
\BOOKMARK [1][-]{section.20.5}{\376\377\000P\000a\000r\000t\0005}{chapter.20}% 120
\BOOKMARK [0][-]{figure.20.6}{\376\377\226\104\137\125}{}% 121
\BOOKMARK [0][-]{appendix.A}{\376\377\0009\000.\0002\0009\000H\000z\135\341\126\336\157\024\125\061\117\032\153\114\123\125}{}% 122
\BOOKMARK [0][-]{appendix.B}{\376\377\0009\000.\0002\0009\000H\000z\135\341\126\336\157\024\125\061\117\032\137\151\136\046\124\214\117\064\142\113\171\074}{}% 123
\BOOKMARK [0][-]{appendix.C}{\376\377\123\101\136\164\147\145\117\341}{}% 124
\BOOKMARK [0][-]{appendix.D}{\376\377\0009\000.\0002\0009\000H\000z\135\341\126\336\157\024\125\061\117\032\000V\000C\000R\145\207\133\127\162\110}{}% 125
\BOOKMARK [1][-]{section.D.1}{\376\377\137\000\127\072\000V\000C\000R}{appendix.D}% 126
\BOOKMARK [1][-]{section.D.2}{\376\377\123\315\155\361\116\343\213\315\000V\000C\000R}{appendix.D}% 127
\BOOKMARK [1][-]{section.D.3}{\376\377\133\242\147\015\131\047\225\350\000V\000C\000R}{appendix.D}% 128
\BOOKMARK [1][-]{section.D.4}{\376\377\214\042\214\042\117\140\000V\000C\000R}{appendix.D}% 129
\BOOKMARK [0][-]{appendix.E}{\376\377\0009\000.\0002\0009\000H\000z\135\341\126\336\157\024\125\061\117\032\166\370\121\163\215\104\156\220}{}% 130
\BOOKMARK [1][-]{section.E.1}{\376\377\0009\000.\0002\0009\000H\000z\135\341\157\024\124\004\127\072\126\336\230\176\000v\000l\000o\000g}{appendix.E}% 131
\BOOKMARK [1][-]{section.E.2}{\376\377\0009\000.\0002\0009\000H\000z\135\341\157\024\133\230\145\271\211\306\230\221}{appendix.E}% 132
\BOOKMARK [0][-]{appendix.F}{\376\377\0009\000.\0002\0009\000H\000z\135\341\126\336\157\024\125\061\117\032\201\364\214\042\124\015\123\125}{}% 133
\BOOKMARK [0][-]{appendix.G}{\376\377\0009\000.\0002\0009\000H\000z\135\341\126\336\157\024\125\061\117\032\153\114\146\362\153\114\213\315}{}% 134
